2021-11-03 19:03:09,428 INFO     client.py  Сообщение отправлено presence от пользователя Vadim для сервера 127.0.0.1
2021-11-03 19:23:03,474 INFO client.py Сообщение отправлено presence от пользователя Vadim для сервера 127.0.0.1
2021-11-03 19:24:10,979 CRITICAL client_logs_config.py Критическая ошибка
2021-11-03 19:24:10,979 ERROR client_logs_config.py Ошибка
2021-11-03 19:24:10,979 DEBUG client_logs_config.py Отладочная информация
2021-11-03 19:24:10,979 INFO client_logs_config.py Информационное сообщение
2021-11-03 19:24:10,979 WARNING client_logs_config.py Внимание
2021-11-03 19:29:39,655 CRITICAL client_logs_config.py Критическая ошибка
2021-11-03 19:29:39,655 ERROR client_logs_config.py Ошибка
2021-11-03 19:29:39,655 DEBUG client_logs_config.py Отладочная информация
2021-11-03 19:29:39,655 INFO  client_logs_config.py Информационное сообщение
2021-11-03 19:29:39,655 WARNING client_logs_config.py Внимание
2021-11-03 19:29:47,819 CRITICAL   client_logs_config.py Критическая ошибка
2021-11-03 19:29:47,819 ERROR      client_logs_config.py Ошибка
2021-11-03 19:29:47,819 DEBUG      client_logs_config.py Отладочная информация
2021-11-03 19:29:47,819 INFO       client_logs_config.py Информационное сообщение
2021-11-03 19:29:47,819 WARNING    client_logs_config.py Внимание
2021-11-03 19:29:54,257 CRITICAL   client_logs_config.py Критическая ошибка
2021-11-03 19:29:54,257 ERROR      client_logs_config.py Ошибка
2021-11-03 19:29:54,257 DEBUG      client_logs_config.py Отладочная информация
2021-11-03 19:29:54,257 INFO       client_logs_config.py Информационное сообщение
2021-11-03 19:29:54,257 WARNING    client_logs_config.py Внимание
2021-11-03 19:30:01,443 CRITICAL   client_logs_config.py Критическая ошибка
2021-11-03 19:30:01,443 ERROR      client_logs_config.py Ошибка
2021-11-03 19:30:01,443 DEBUG      client_logs_config.py Отладочная информация
2021-11-03 19:30:01,443 INFO       client_logs_config.py Информационное сообщение
2021-11-03 19:30:01,443 WARNING    client_logs_config.py Внимание
2021-11-03 19:30:22,714 INFO       client.py  Сообщение отправлено presence от пользователя Vadim для сервера 127.0.0.1
2021-11-07 14:37:59,597 DEBUG      C:\Users\Vadim\Desktop\КУРСЫ\14) Клиент-серверные приложения на Python\client_server_app\lesson_6\client.py Функция create_presence_msg вызвана из функции client_main в модуле C:\Users\Vadim\Desktop\КУРСЫ\14) Клиент-серверные приложения на Python\client_server_app\lesson_6\client.py с аргументами:(7777,); {}
2021-11-07 14:37:59,597 INFO       C:\Users\Vadim\Desktop\КУРСЫ\14) Клиент-серверные приложения на Python\client_server_app\lesson_6\client.py Сообщение отправлено presence от пользователя Vadim для сервера 127.0.0.1
2021-11-07 14:37:59,598 DEBUG      C:\Users\Vadim\Desktop\КУРСЫ\14) Клиент-серверные приложения на Python\client_server_app\lesson_6\client.py Функция server_process_answer вызвана из функции client_main в модуле C:\Users\Vadim\Desktop\КУРСЫ\14) Клиент-серверные приложения на Python\client_server_app\lesson_6\client.py с аргументами:({'response': 200},); {}
2021-11-17 20:25:55,870 DEBUG      C:\Users\Vadim\Desktop\КУРСЫ\14) Клиент-серверные приложения на Python\client_server_app\lesson_8\client.py Функция __init__ вызвана из функции <module> в модуле C:\Users\Vadim\Desktop\КУРСЫ\14) Клиент-серверные приложения на Python\client_server_app\lesson_8\client.py с аргументами:(<__main__.Client object at 0x000001FB1480E040>,); {}
2021-11-17 20:25:55,871 DEBUG      C:\Users\Vadim\Desktop\КУРСЫ\14) Клиент-серверные приложения на Python\client_server_app\lesson_8\client.py Функция get_params вызвана из функции __init__ в модуле C:\Users\Vadim\Desktop\КУРСЫ\14) Клиент-серверные приложения на Python\client_server_app\lesson_8\client.py с аргументами:(); {}
2021-11-17 20:25:55,871 DEBUG      C:\Users\Vadim\Desktop\КУРСЫ\14) Клиент-серверные приложения на Python\client_server_app\lesson_8\client.py Функция __init__ вызвана из функции <module> в модуле C:\Users\Vadim\Desktop\КУРСЫ\14) Клиент-серверные приложения на Python\client_server_app\lesson_8\client.py с аргументами:(<__main__.Client object at 0x0000019001C1E040>,); {}
2021-11-17 20:25:55,872 DEBUG      C:\Users\Vadim\Desktop\КУРСЫ\14) Клиент-серверные приложения на Python\client_server_app\lesson_8\client.py Функция get_params вызвана из функции __init__ в модуле C:\Users\Vadim\Desktop\КУРСЫ\14) Клиент-серверные приложения на Python\client_server_app\lesson_8\client.py с аргументами:(); {}
2021-11-17 20:25:55,872 DEBUG      C:\Users\Vadim\Desktop\КУРСЫ\14) Клиент-серверные приложения на Python\client_server_app\lesson_8\client.py Функция __init__ вызвана из функции <module> в модуле C:\Users\Vadim\Desktop\КУРСЫ\14) Клиент-серверные приложения на Python\client_server_app\lesson_8\client.py с аргументами:(<__main__.Client object at 0x0000014CE4BAF040>,); {}
2021-11-17 20:25:55,872 DEBUG      C:\Users\Vadim\Desktop\КУРСЫ\14) Клиент-серверные приложения на Python\client_server_app\lesson_8\client.py Функция __init__ вызвана из функции <module> в модуле C:\Users\Vadim\Desktop\КУРСЫ\14) Клиент-серверные приложения на Python\client_server_app\lesson_8\client.py с аргументами:(<__main__.Client object at 0x00000217A3A9F130>,); {}
2021-11-17 20:25:55,872 DEBUG      C:\Users\Vadim\Desktop\КУРСЫ\14) Клиент-серверные приложения на Python\client_server_app\lesson_8\client.py Функция get_params вызвана из функции __init__ в модуле C:\Users\Vadim\Desktop\КУРСЫ\14) Клиент-серверные приложения на Python\client_server_app\lesson_8\client.py с аргументами:(); {}
2021-11-17 20:25:55,872 DEBUG      C:\Users\Vadim\Desktop\КУРСЫ\14) Клиент-серверные приложения на Python\client_server_app\lesson_8\client.py Функция get_params вызвана из функции __init__ в модуле C:\Users\Vadim\Desktop\КУРСЫ\14) Клиент-серверные приложения на Python\client_server_app\lesson_8\client.py с аргументами:(); {}
2021-11-17 20:25:55,872 DEBUG      C:\Users\Vadim\Desktop\КУРСЫ\14) Клиент-серверные приложения на Python\client_server_app\lesson_8\client.py Функция __init__ вызвана из функции <module> в модуле C:\Users\Vadim\Desktop\КУРСЫ\14) Клиент-серверные приложения на Python\client_server_app\lesson_8\client.py с аргументами:(<__main__.Client object at 0x0000024ED91B0040>,); {}
2021-11-17 20:25:55,873 DEBUG      C:\Users\Vadim\Desktop\КУРСЫ\14) Клиент-серверные приложения на Python\client_server_app\lesson_8\client.py Функция get_params вызвана из функции __init__ в модуле C:\Users\Vadim\Desktop\КУРСЫ\14) Клиент-серверные приложения на Python\client_server_app\lesson_8\client.py с аргументами:(); {}
2021-11-17 20:25:55,873 DEBUG      C:\Users\Vadim\Desktop\КУРСЫ\14) Клиент-серверные приложения на Python\client_server_app\lesson_8\client.py Функция __init__ вызвана из функции <module> в модуле C:\Users\Vadim\Desktop\КУРСЫ\14) Клиент-серверные приложения на Python\client_server_app\lesson_8\client.py с аргументами:(<__main__.Client object at 0x0000026B2BACF040>,); {}
2021-11-17 20:25:55,873 DEBUG      C:\Users\Vadim\Desktop\КУРСЫ\14) Клиент-серверные приложения на Python\client_server_app\lesson_8\client.py Функция get_params вызвана из функции __init__ в модуле C:\Users\Vadim\Desktop\КУРСЫ\14) Клиент-серверные приложения на Python\client_server_app\lesson_8\client.py с аргументами:(); {}
.Client object at 0x0000022E50147040>,); {}
2021-11-17 20:25:55,874 DEBUG      C:\Users\Vadim\Desktop\КУРСЫ\14) Клиент-серверные приложения на Python\client_server_app\lesson_8\client.py Функция get_params вызвана из функции __init__ в модуле C:\Users\Vadim\Desktop\КУРСЫ\14) Клиент-серверные приложения на Python\client_server_app\lesson_8\client.py с аргументами:(); {}
2021-11-17 20:26:11,993 DEBUG      C:\Users\Vadim\Desktop\КУРСЫ\14) Клиент-серверные приложения на Python\client_server_app\lesson_8\client.py Функция __init__ вызвана из функции <module> в модуле C:\Users\Vadim\Desktop\КУРСЫ\14) Клиент-серверные приложения на Python\client_server_app\lesson_8\client.py с аргументами:(<__main__.Client object at 0x000001EBE8CF98B0>,); {}
2021-11-17 20:26:11,994 DEBUG      C:\Users\Vadim\Desktop\КУРСЫ\14) Клиент-серверные приложения на Python\client_server_app\lesson_8\client.py Функция get_params вызвана из функции __init__ в модуле C:\Users\Vadim\Desktop\КУРСЫ\14) Клиент-серверные приложения на Python\client_server_app\lesson_8\client.py с аргументами:(); {}
2021-11-17 20:26:12,004 DEBUG      C:\Users\Vadim\Desktop\КУРСЫ\14) Клиент-серверные приложения на Python\client_server_app\lesson_8\client.py Функция prepare_transport вызвана из функции __init__ в модуле C:\Users\Vadim\Desktop\КУРСЫ\14) Клиент-серверные приложения на Python\client_server_app\lesson_8\client.py с аргументами:(<__main__.Client object at 0x000001EBE8CF98B0>,); {}
2021-11-17 20:26:14,046 CRITICAL   C:\Users\Vadim\Desktop\КУРСЫ\14) Клиент-серверные приложения на Python\client_server_app\lesson_8\client.py Не удалось подключиться к серверу 127.0.0.1:7777
2021-11-17 20:26:40,943 DEBUG      C:\Users\Vadim\Desktop\КУРСЫ\14) Клиент-серверные приложения на Python\client_server_app\lesson_8\client.py Функция __init__ вызвана из функции <module> в модуле C:\Users\Vadim\Desktop\КУРСЫ\14) Клиент-серверные приложения на Python\client_server_app\lesson_8\client.py с аргументами:(<__main__.Client object at 0x0000020E6B1E98B0>,); {}
2021-11-17 20:26:40,944 DEBUG      C:\Users\Vadim\Desktop\КУРСЫ\14) Клиент-серверные приложения на Python\client_server_app\lesson_8\client.py Функция get_params вызвана из функции __init__ в модуле C:\Users\Vadim\Desktop\КУРСЫ\14) Клиент-серверные приложения на Python\client_server_app\lesson_8\client.py с аргументами:(); {}
2021-11-17 20:26:40,953 DEBUG      C:\Users\Vadim\Desktop\КУРСЫ\14) Клиент-серверные приложения на Python\client_server_app\lesson_8\client.py Функция prepare_transport вызвана из функции __init__ в модуле C:\Users\Vadim\Desktop\КУРСЫ\14) Клиент-серверные приложения на Python\client_server_app\lesson_8\client.py с аргументами:(<__main__.Client object at 0x0000020E6B1E98B0>,); {}
2021-11-17 20:26:40,954 DEBUG      C:\Users\Vadim\Desktop\КУРСЫ\14) Клиент-серверные приложения на Python\client_server_app\lesson_8\client.py Функция send_presence вызвана из функции run в модуле C:\Users\Vadim\Desktop\КУРСЫ\14) Клиент-серверные приложения на Python\client_server_app\lesson_8\client.py с аргументами:(<__main__.Client object at 0x0000020E6B1E98B0>,); {}
2021-11-17 20:26:40,954 DEBUG      C:\Users\Vadim\Desktop\КУРСЫ\14) Клиент-серверные приложения на Python\client_server_app\lesson_8\client.py Функция create_presence_msg вызвана из функции send_presence в модуле C:\Users\Vadim\Desktop\КУРСЫ\14) Клиент-серверные приложения на Python\client_server_app\lesson_8\client.py с аргументами:(<__main__.Client object at 0x0000020E6B1E98B0>, 'presence'); {}
2021-11-17 20:26:40,954 DEBUG      C:\Users\Vadim\Desktop\КУРСЫ\14) Клиент-серверные приложения на Python\client_server_app\lesson_8\client.py Функция server_process_answer вызвана из функции send_presence в модуле C:\Users\Vadim\Desktop\КУРСЫ\14) Клиент-серверные приложения на Python\client_server_app\lesson_8\client.py с аргументами:(<__main__.Client object at 0x0000020E6B1E98B0>,); {}
2021-11-17 20:26:41,964 INFO       C:\Users\Vadim\Desktop\КУРСЫ\14) Клиент-серверные приложения на Python\client_server_app\lesson_8\client.py Установлено соединение с сервером. Ответ сервера: 400 : Bad Request
2021-11-17 20:27:25,828 DEBUG      C:\Users\Vadim\Desktop\КУРСЫ\14) Клиент-серверные приложения на Python\client_server_app\lesson_8\client.py Функция __init__ вызвана из функции <module> в модуле C:\Users\Vadim\Desktop\КУРСЫ\14) Клиент-серверные приложения на Python\client_server_app\lesson_8\client.py с аргументами:(<__main__.Client object at 0x00000281B98A98B0>,); {}
2021-11-17 20:27:25,828 DEBUG      C:\Users\Vadim\Desktop\КУРСЫ\14) Клиент-серверные приложения на Python\client_server_app\lesson_8\client.py Функция get_params вызвана из функции __init__ в модуле C:\Users\Vadim\Desktop\КУРСЫ\14) Клиент-серверные приложения на Python\client_server_app\lesson_8\client.py с аргументами:(); {}
2021-11-17 20:27:25,837 DEBUG      C:\Users\Vadim\Desktop\КУРСЫ\14) Клиент-серверные приложения на Python\client_server_app\lesson_8\client.py Функция prepare_transport вызвана из функции __init__ в модуле C:\Users\Vadim\Desktop\КУРСЫ\14) Клиент-серверные приложения на Python\client_server_app\lesson_8\client.py с аргументами:(<__main__.Client object at 0x00000281B98A98B0>,); {}
2021-11-17 20:27:25,838 DEBUG      C:\Users\Vadim\Desktop\КУРСЫ\14) Клиент-серверные приложения на Python\client_server_app\lesson_8\client.py Функция send_presence вызвана из функции run в модуле C:\Users\Vadim\Desktop\КУРСЫ\14) Клиент-серверные приложения на Python\client_server_app\lesson_8\client.py с аргументами:(<__main__.Client object at 0x00000281B98A98B0>,); {}
2021-11-17 20:27:25,838 DEBUG      C:\Users\Vadim\Desktop\КУРСЫ\14) Клиент-серверные приложения на Python\client_server_app\lesson_8\client.py Функция create_presence_msg вызвана из функции send_presence в модуле C:\Users\Vadim\Desktop\КУРСЫ\14) Клиент-серверные приложения на Python\client_server_app\lesson_8\client.py с аргументами:(<__main__.Client object at 0x00000281B98A98B0>, 'presence'); {}
2021-11-17 20:27:25,838 DEBUG      C:\Users\Vadim\Desktop\КУРСЫ\14) Клиент-серверные приложения на Python\client_server_app\lesson_8\client.py Функция server_process_answer вызвана из функции send_presence в модуле C:\Users\Vadim\Desktop\КУРСЫ\14) Клиент-серверные приложения на Python\client_server_app\lesson_8\client.py с аргументами:(<__main__.Client object at 0x00000281B98A98B0>,); {}
2021-11-17 20:27:26,839 INFO       C:\Users\Vadim\Desktop\КУРСЫ\14) Клиент-серверные приложения на Python\client_server_app\lesson_8\client.py Установлено соединение с сервером. Ответ сервера: 200 : OK
2021-11-17 20:27:26,840 DEBUG      C:\Users\Vadim\Desktop\КУРСЫ\14) Клиент-серверные приложения на Python\client_server_app\lesson_8\client.py Функция print_help вызвана из функции user_interactive в модуле C:\Users\Vadim\Desktop\КУРСЫ\14) Клиент-серверные приложения на Python\client_server_app\lesson_8\client.py с аргументами:(); {}
2021-11-17 20:27:26,840 DEBUG      C:\Users\Vadim\Desktop\КУРСЫ\14) Клиент-серверные приложения на Python\client_server_app\lesson_8\client.py Vadim: Запущены процессы
2021-11-17 20:27:45,809 DEBUG      C:\Users\Vadim\Desktop\КУРСЫ\14) Клиент-серверные приложения на Python\client_server_app\lesson_8\client.py Функция input_message вызвана из функции user_interactive в модуле C:\Users\Vadim\Desktop\КУРСЫ\14) Клиент-серверные приложения на Python\client_server_app\lesson_8\client.py с аргументами:(); {}
2021-11-17 20:27:53,973 DEBUG      C:\Users\Vadim\Desktop\КУРСЫ\14) Клиент-серверные приложения на Python\client_server_app\lesson_8\client.py Функция message_from_server вызвана из функции user_interactive в модуле C:\Users\Vadim\Desktop\КУРСЫ\14) Клиент-серверные приложения на Python\client_server_app\lesson_8\client.py с аргументами:(<__main__.Client object at 0x00000281B98A98B0>, 'test', 'jkljkl'); {}
2021-11-17 20:27:53,973 DEBUG      C:\Users\Vadim\Desktop\КУРСЫ\14) Клиент-серверные приложения на Python\client_server_app\lesson_8\client.py Функция create_presence_msg вызвана из функции message_from_server в модуле C:\Users\Vadim\Desktop\КУРСЫ\14) Клиент-серверные приложения на Python\client_server_app\lesson_8\client.py с аргументами:(<__main__.Client object at 0x00000281B98A98B0>, 'message', 'jkljkl', 'test'); {}
2021-11-17 20:27:53,974 INFO       C:\Users\Vadim\Desktop\КУРСЫ\14) Клиент-серверные приложения на Python\client_server_app\lesson_8\client.py Vadim: Отправлено сообщение для пользователя test
2021-11-17 20:27:54,092 DEBUG      C:\Users\Vadim\Desktop\КУРСЫ\14) Клиент-серверные приложения на Python\client_server_app\lesson_8\client.py Vadim: Получено сообщение от сервера о некорректном запросе
2021-11-17 20:34:20,407 DEBUG      C:\Users\Vadim\Desktop\КУРСЫ\14) Клиент-серверные приложения на Python\client_server_app\lesson_8\client.py Функция __init__ вызвана из функции <module> в модуле C:\Users\Vadim\Desktop\КУРСЫ\14) Клиент-серверные приложения на Python\client_server_app\lesson_8\client.py с аргументами:(<__main__.Client object at 0x000001E19E0698B0>,); {}
2021-11-17 20:34:20,407 DEBUG      C:\Users\Vadim\Desktop\КУРСЫ\14) Клиент-серверные приложения на Python\client_server_app\lesson_8\client.py Функция get_params вызвана из функции __init__ в модуле C:\Users\Vadim\Desktop\КУРСЫ\14) Клиент-серверные приложения на Python\client_server_app\lesson_8\client.py с аргументами:(); {}
2021-11-17 20:34:20,416 DEBUG      C:\Users\Vadim\Desktop\КУРСЫ\14) Клиент-серверные приложения на Python\client_server_app\lesson_8\client.py Функция prepare_transport вызвана из функции __init__ в модуле C:\Users\Vadim\Desktop\КУРСЫ\14) Клиент-серверные приложения на Python\client_server_app\lesson_8\client.py с аргументами:(<__main__.Client object at 0x000001E19E0698B0>,); {}
2021-11-17 20:34:20,416 DEBUG      C:\Users\Vadim\Desktop\КУРСЫ\14) Клиент-серверные приложения на Python\client_server_app\lesson_8\client.py Функция send_presence вызвана из функции run в модуле C:\Users\Vadim\Desktop\КУРСЫ\14) Клиент-серверные приложения на Python\client_server_app\lesson_8\client.py с аргументами:(<__main__.Client object at 0x000001E19E0698B0>,); {}
2021-11-17 20:34:20,417 DEBUG      C:\Users\Vadim\Desktop\КУРСЫ\14) Клиент-серверные приложения на Python\client_server_app\lesson_8\client.py Функция create_presence_msg вызвана из функции send_presence в модуле C:\Users\Vadim\Desktop\КУРСЫ\14) Клиент-серверные приложения на Python\client_server_app\lesson_8\client.py с аргументами:(<__main__.Client object at 0x000001E19E0698B0>, 'presence'); {}
2021-11-17 20:34:20,417 DEBUG      C:\Users\Vadim\Desktop\КУРСЫ\14) Клиент-серверные приложения на Python\client_server_app\lesson_8\client.py Функция server_process_answer вызвана из функции send_presence в модуле C:\Users\Vadim\Desktop\КУРСЫ\14) Клиент-серверные приложения на Python\client_server_app\lesson_8\client.py с аргументами:(<__main__.Client object at 0x000001E19E0698B0>,); {}
2021-11-17 20:34:21,431 INFO       C:\Users\Vadim\Desktop\КУРСЫ\14) Клиент-серверные приложения на Python\client_server_app\lesson_8\client.py Установлено соединение с сервером. Ответ сервера: 200 : OK
2021-11-17 20:34:21,432 DEBUG      C:\Users\Vadim\Desktop\КУРСЫ\14) Клиент-серверные приложения на Python\client_server_app\lesson_8\client.py Функция print_help вызвана из функции user_interactive в модуле C:\Users\Vadim\Desktop\КУРСЫ\14) Клиент-серверные приложения на Python\client_server_app\lesson_8\client.py с аргументами:(); {}
2021-11-17 20:34:21,432 DEBUG      C:\Users\Vadim\Desktop\КУРСЫ\14) Клиент-серверные приложения на Python\client_server_app\lesson_8\client.py Vadim: Запущены процессы
2021-11-17 20:34:27,376 DEBUG      C:\Users\Vadim\Desktop\КУРСЫ\14) Клиент-серверные приложения на Python\client_server_app\lesson_8\client.py Функция input_message вызвана из функции user_interactive в модуле C:\Users\Vadim\Desktop\КУРСЫ\14) Клиент-серверные приложения на Python\client_server_app\lesson_8\client.py с аргументами:(); {}
2021-11-17 20:34:33,266 DEBUG      C:\Users\Vadim\Desktop\КУРСЫ\14) Клиент-серверные приложения на Python\client_server_app\lesson_8\client.py Функция message_from_server вызвана из функции user_interactive в модуле C:\Users\Vadim\Desktop\КУРСЫ\14) Клиент-серверные приложения на Python\client_server_app\lesson_8\client.py с аргументами:(<__main__.Client object at 0x000001E19E0698B0>, 'test', 'jsklfjsldk'); {}
2021-11-17 20:34:33,266 DEBUG      C:\Users\Vadim\Desktop\КУРСЫ\14) Клиент-серверные приложения на Python\client_server_app\lesson_8\client.py Функция create_presence_msg вызвана из функции message_from_server в модуле C:\Users\Vadim\Desktop\КУРСЫ\14) Клиент-серверные приложения на Python\client_server_app\lesson_8\client.py с аргументами:(<__main__.Client object at 0x000001E19E0698B0>, 'message', 'jsklfjsldk', 'test'); {}
2021-11-17 20:34:33,267 INFO       C:\Users\Vadim\Desktop\КУРСЫ\14) Клиент-серверные приложения на Python\client_server_app\lesson_8\client.py Vadim: Отправлено сообщение для пользователя test
2021-11-17 20:34:33,533 DEBUG      C:\Users\Vadim\Desktop\КУРСЫ\14) Клиент-серверные приложения на Python\client_server_app\lesson_8\client.py Vadim: Получено сообщение от сервера о некорректном запросе
2021-11-17 20:34:52,577 DEBUG      C:\Users\Vadim\Desktop\КУРСЫ\14) Клиент-серверные приложения на Python\client_server_app\lesson_8\client.py Функция __init__ вызвана из функции <module> в модуле C:\Users\Vadim\Desktop\КУРСЫ\14) Клиент-серверные приложения на Python\client_server_app\lesson_8\client.py с аргументами:(<__main__.Client object at 0x000001DFE12598B0>,); {}
2021-11-17 20:34:52,578 DEBUG      C:\Users\Vadim\Desktop\КУРСЫ\14) Клиент-серверные приложения на Python\client_server_app\lesson_8\client.py Функция get_params вызвана из функции __init__ в модуле C:\Users\Vadim\Desktop\КУРСЫ\14) Клиент-серверные приложения на Python\client_server_app\lesson_8\client.py с аргументами:(); {}
2021-11-17 20:34:52,587 DEBUG      C:\Users\Vadim\Desktop\КУРСЫ\14) Клиент-серверные приложения на Python\client_server_app\lesson_8\client.py Функция __init__ вызвана из функции <module> в модуле C:\Users\Vadim\Desktop\КУРСЫ\14) Клиент-серверные приложения на Python\client_server_app\lesson_8\client.py с аргументами:(<__main__.Client object at 0x000001B0833198B0>,); {}
2021-11-17 20:34:52,588 DEBUG      C:\Users\Vadim\Desktop\КУРСЫ\14) Клиент-серверные приложения на Python\client_server_app\lesson_8\client.py Функция get_params вызвана из функции __init__ в модуле C:\Users\Vadim\Desktop\КУРСЫ\14) Клиент-серверные приложения на Python\client_server_app\lesson_8\client.py с аргументами:(); {}
2021-11-17 20:34:52,593 DEBUG      C:\Users\Vadim\Desktop\КУРСЫ\14) Клиент-серверные приложения на Python\client_server_app\lesson_8\client.py Функция __init__ вызвана из функции <module> в модуле C:\Users\Vadim\Desktop\КУРСЫ\14) Клиент-серверные приложения на Python\client_server_app\lesson_8\client.py с аргументами:(<__main__.Client object at 0x000001F34F1B98B0>,); {}
2021-11-17 20:34:52,593 DEBUG      C:\Users\Vadim\Desktop\КУРСЫ\14) Клиент-серверные приложения на Python\client_server_app\lesson_8\client.py Функция get_params вызвана из функции __init__ в модуле C:\Users\Vadim\Desktop\КУРСЫ\14) Клиент-серверные приложения на Python\client_server_app\lesson_8\client.py с аргументами:(); {}
2021-11-17 20:34:52,595 DEBUG      C:\Users\Vadim\Desktop\КУРСЫ\14) Клиент-серверные приложения на Python\client_server_app\lesson_8\client.py Функция __init__ вызвана из функции <module> в модуле C:\Users\Vadim\Desktop\КУРСЫ\14) Клиент-серверные приложения на Python\client_server_app\lesson_8\client.py с аргументами:(<__main__.Client object at 0x000002950861A8B0>,); {}
2021-11-17 20:34:52,595 DEBUG      C:\Users\Vadim\Desktop\КУРСЫ\14) Клиент-серверные приложения на Python\client_server_app\lesson_8\client.py Функция get_params вызвана из функции __init__ в модуле C:\Users\Vadim\Desktop\КУРСЫ\14) Клиент-серверные приложения на Python\client_server_app\lesson_8\client.py с аргументами:(); {}
2021-11-17 20:34:52,599 DEBUG      C:\Users\Vadim\Desktop\КУРСЫ\14) Клиент-серверные приложения на Python\client_server_app\lesson_8\client.py Функция __init__ вызвана из функции <module> в модуле C:\Users\Vadim\Desktop\КУРСЫ\14) Клиент-серверные приложения на Python\client_server_app\lesson_8\client.py с аргументами:(<__main__.Client object at 0x000002C12C6E98B0>,); {}
2021-11-17 20:34:52,599 DEBUG      C:\Users\Vadim\Desktop\КУРСЫ\14) Клиент-серверные приложения на Python\client_server_app\lesson_8\client.py Функция get_params вызвана из функции __init__ в модуле C:\Users\Vadim\Desktop\КУРСЫ\14) Клиент-серверные приложения на Python\client_server_app\lesson_8\client.py с аргументами:(); {}
2021-11-17 20:34:52,600 DEBUG      C:\Users\Vadim\Desktop\КУРСЫ\14) Клиент-серверные приложения на Python\client_server_app\lesson_8\client.py Функция __init__ вызвана из функции <module> в модуле C:\Users\Vadim\Desktop\КУРСЫ\14) Клиент-серверные приложения на Python\client_server_app\lesson_8\client.py с аргументами:(<__main__.Client object at 0x000001B7359E98B0>,); {}
2021-11-17 20:34:52,601 DEBUG      C:\Users\Vadim\Desktop\КУРСЫ\14) Клиент-серверные приложения на Python\client_server_app\lesson_8\client.py Функция get_params вызвана из функции __init__ в модуле C:\Users\Vadim\Desktop\КУРСЫ\14) Клиент-серверные приложения на Python\client_server_app\lesson_8\client.py с аргументами:(); {}
2021-11-17 20:34:52,608 DEBUG      C:\Users\Vadim\Desktop\КУРСЫ\14) Клиент-серверные приложения на Python\client_server_app\lesson_8\client.py Функция __init__ вызвана из функции <module> в модуле C:\Users\Vadim\Desktop\КУРСЫ\14) Клиент-серверные приложения на Python\client_server_app\lesson_8\client.py с аргументами:(<__main__.Client object at 0x00000269997298B0>,); {}
2021-11-17 20:34:52,609 DEBUG      C:\Users\Vadim\Desktop\КУРСЫ\14) Клиент-серверные приложения на Python\client_server_app\lesson_8\client.py Функция get_params вызвана из функции __init__ в модуле C:\Users\Vadim\Desktop\КУРСЫ\14) Клиент-серверные приложения на Python\client_server_app\lesson_8\client.py с аргументами:(); {}
